epoch,acc,loss,lr,val_acc,val_loss
0,0.8141115202969713,0.48164819116177765,1e-04,0.8274156488771514,0.3762205722998446
1,0.8448488311805272,0.355023222507931,1e-04,0.8502206389359602,0.33644944112601244
2,0.8489257821688068,0.3370513765237077,1e-04,0.8482808278301569,0.33725117029636864
3,0.8515014361015892,0.3208180381787624,1e-04,0.8146095097534299,0.3920578335917841
4,0.8517138749478834,0.313256787511671,1e-04,0.8518448941350922,0.31166527895476875
5,0.855964358734048,0.29687603627857956,1e-04,0.8606633703539691,0.28369864052909566
6,0.8591118553881588,0.2844832384068033,1e-04,0.8523924838839554,0.2981534655990563
7,0.8751898725984596,0.276069292378991,1e-04,0.8932213975688604,0.261790033869856
8,0.9040751638619796,0.2452165325404156,1e-04,0.8849793442590969,0.26656429915446933
9,0.9120381968059087,0.22297929779519676,1e-04,0.9005560480703519,0.23980982340578957
10,0.9191441901116503,0.20461579287800158,1e-04,0.8999537177911894,0.24802953383232665
11,0.9229854708132537,0.19738807989350657,1e-04,0.9117021203979733,0.2320697874593453
12,0.9280296707812976,0.1842278129910763,1e-04,0.9133149408918666,0.22544424734481677
13,0.9336671354506798,0.16916305135214046,1e-04,0.9158846139907837,0.2374201035347041
14,0.9373702332671923,0.15963404083793814,1e-04,0.9202497371538417,0.2101769416527016
15,0.9421806732420864,0.14875095053078982,1e-04,0.9138970820922551,0.23979821592921347
16,0.9449061508706436,0.14182197644187527,1e-04,0.9261832180924303,0.2187685782867154
17,0.9511796186563997,0.12587274340434154,1e-04,0.9287190104094077,0.23164872740080036
18,0.9516119376237213,0.12581027277079024,1e-04,0.9160616655988018,0.28173801002246657
19,0.9551659366594473,0.1155840326137399,1e-04,0.9127513475305452,0.28467797870769745
20,0.9600254167681155,0.10364165901769645,1e-04,0.9275790955138019,0.24371425728276958
21,0.9638660193196399,0.09459517902433283,1e-04,0.929816681099689,0.2481115546341487
22,0.9665710039053981,0.08660580014272523,1e-04,0.9280695394268186,0.24998248406634557
23,0.965038285425058,0.09191559616608817,1e-04,0.9318357006771358,0.248741039654284
24,0.9695433426515858,0.08036214719515426,1e-04,0.9307890642346359,0.23832949906528936
25,0.9704092690360405,0.07841902341060487,1e-04,0.9257200242966179,0.24829098885864254
26,0.9736979491861442,0.06916925000954463,1e-04,0.9306627159982216,0.2120246257280975
27,0.9734493575312875,0.07062552085610128,1e-04,0.9297349819048183,0.24117439809277302
28,0.9767403641472692,0.061768593119361656,1e-04,0.9316243313428924,0.25890248900968726
29,0.9783682781952643,0.057382090602497104,1e-04,0.9311665226155379,0.24128752785522167
30,0.9802784421462787,0.05139806899591809,1e-04,0.9284554062865851,0.2755224273694078
31,0.9824932647552415,0.045309598708576836,1e-04,0.9319071605449586,0.2778327935851934
32,0.9796858003488171,0.054186860496995476,1e-04,0.9321593247999357,0.27116053253705574
33,0.9832092885207753,0.043220426758434696,1e-04,0.9339616420700794,0.2932680098882576
34,0.9845988508976495,0.039899564703389,1e-04,0.9344822196509894,0.25962929665221
35,0.9832573689726501,0.04408032687476619,1e-04,0.9346464398339038,0.2855286528833034
36,0.9838282224453485,0.042975039415525294,1e-04,0.9336884735137458,0.3072327514157051
37,0.9857330257477968,0.03639659500154464,1e-04,0.9333737356456246,0.28919921777262464
38,0.9871648003461333,0.03298751536384961,1e-04,0.9361541017772644,0.31218951118479327
39,0.9865447586704149,0.0359940776075034,1e-04,0.9325603809882337,0.3052961084199703
40,0.9873571036597014,0.032575607448889925,1e-04,0.9365274755973515,0.30913255296236886
41,0.9866330833303127,0.03533048148307463,1e-04,0.9369737055357985,0.29392349808000207
42,0.9870950333450151,0.034223627767492486,1e-04,0.93729594044798,0.32532004519241065
43,0.9897209740438951,0.026296020473497127,1e-04,0.9340803017766457,0.326464826754463
44,0.9899626893723906,0.025561878550613645,1e-04,0.9354154312704491,0.3019562744953501
45,0.9899697640667791,0.025870009968719875,1e-04,0.9361800527948094,0.3263067174262888
46,0.9885110234318986,0.030375940032237075,1e-04,0.9357249830651471,0.33792182564090084
47,0.9895161258373336,0.027123851290252427,1e-04,0.9226322695026248,0.35608190298080444
48,0.9881324192045234,0.031463870652601596,1e-04,0.9370487735966059,0.3017644151223926
49,0.9919176597604639,0.02013845664353327,1e-04,0.9360743746982785,0.36802812385570816
50,0.9910841136581813,0.02333761509618328,1e-04,0.9334783112908912,0.27818506325441084
51,0.9886558979396293,0.030569440147769546,1e-04,0.9367773837930574,0.3132265601893814
52,0.9910653464407789,0.02353215101267038,1e-04,0.9364720165260195,0.33006236848868725
53,0.9926657212581559,0.018220363251990068,1e-04,0.9309126706573907,0.38335825293141557
54,0.9897183871316344,0.02749727765123982,1e-04,0.9334320806142852,0.3908362753366626
55,0.9914750227108303,0.02169592111102736,1e-04,0.9376993019749799,0.33021798061104274
56,0.992766428252925,0.01827560787424151,1e-04,0.9410120164315532,0.3382251256211536
57,0.9940887515252758,0.014399906604278376,1e-04,0.9393690664937177,0.34887860702189405
58,0.9931967102962992,0.01699156231953663,1e-04,0.9322464592813506,0.3524079309615094
59,0.992396076206162,0.019230121356460888,1e-04,0.9380005363404281,0.33748918764410524
60,0.9936111200703934,0.015898706144818912,1e-04,0.9334332323449803,0.3913288695048394
61,0.9943565448282264,0.013836520509113348,1e-04,0.9405609838605866,0.3535940942875161
62,0.9931136405043922,0.01765593632930529,1e-04,0.9352595749802477,0.34538767629075706
63,0.9847231416598611,0.04419496532975008,1e-04,0.9374469908203665,0.2744727477093968
64,0.9936139309123571,0.01592156115004594,1e-04,0.9385250543984841,0.3389941623625089
65,0.9946698585282201,0.013274087642389442,1e-04,0.9376751761736832,0.33139595670962896
66,0.9936032819418097,0.016384656734768258,1e-04,0.9360187677886542,0.3331455197771938
67,0.9940662918825866,0.015146268049913933,1e-04,0.9376364899432565,0.34901032319629754
68,0.9933010895732834,0.017102024131436123,1e-04,0.9366280154919061,0.3591304392385201
69,0.9946546891461248,0.013189404415106585,1e-04,0.9402756583033585,0.35620774061045074
70,0.9953291210025667,0.011448252045185021,1e-04,0.9406695042069503,0.32757455911340677
71,0.9932975456884257,0.01810539254629727,1e-04,0.9304815333659254,0.37703553780796023
72,0.9935878398625747,0.0163621650971914,1e-04,0.937289695570788,0.33607314645833386
73,0.9951705880787062,0.011849319608790041,1e-04,0.9410121163983983,0.33114602530419124
74,0.9955671659335789,0.010843314447167804,1e-04,0.9412912932906564,0.36049040401075766
75,0.9953482042659413,0.011518394581655137,1e-04,0.9394786906993295,0.3175459009206553
76,0.9925471877627693,0.019822860236018307,1e-04,0.9389471575969787,0.33764589632179326
77,0.9943756410491326,0.014239666840611872,1e-04,0.941352521340678,0.3690772697212189
78,0.9958882574507371,0.010060098512041135,1e-04,0.940854963355177,0.35472595706347404
79,0.9960152795427872,0.009670647419344914,1e-04,0.9415518214383464,0.36839055893282724
80,0.993725373928726,0.01662181151925914,1e-04,0.9404853878058786,0.37538890452600837
81,0.9957816381699482,0.010357082109592797,1e-04,0.9401361411950719,0.3821042834333782
82,0.9959033350699504,0.01005157033485828,1e-04,0.9416305450942573,0.3754170082480185
83,0.9957254102578748,0.010815544437668599,1e-04,0.9407410631029625,0.3593784019527004
84,0.9936397265304219,0.016598319236544354,1e-04,0.9364441858501885,0.38847366311976056
85,0.9959129601599199,0.010099541927133816,5e-05,0.9408002697576688,0.3666575050098807
86,0.9967903594961279,0.0076957423965356465,5e-05,0.9418017737508759,0.3848201852130491
87,0.9970131257305974,0.007225433090267327,5e-05,0.9418711746771504,0.37579089644416347
88,0.9972165623907986,0.006722287054030085,5e-05,0.9425213191452928,0.40183603113854494
89,0.9970986581602587,0.007087198900530048,5e-05,0.9411048199248127,0.41168540376641855
90,0.9970332684488635,0.007253666209119552,5e-05,0.9431828992573295,0.3786754708913133
91,0.9971677228631709,0.006780618480535541,5e-05,0.9418018249076182,0.3723070120629598
92,0.9973277633369204,0.0063703408388406215,5e-05,0.9425534216437753,0.3953516278855913
93,0.9974235561289806,0.006147066928426047,5e-05,0.9415594630354033,0.41975943541784927
94,0.997313830810102,0.006443322495614425,5e-05,0.942944957984714,0.40237175976842876
95,0.997200879419274,0.00675188055424859,5e-05,0.9418428662255054,0.39375266435695444
96,0.9972633569843684,0.006570236841373131,5e-05,0.9407291449899748,0.3807159843964605
97,0.9974131701963221,0.006203092623864606,5e-05,0.9418929463296425,0.39172782323609184
98,0.9975501494445348,0.005828131828411103,5e-05,0.9409855913928175,0.4323098699408253
99,0.9975795992042708,0.005748085224558783,5e-05,0.9410053890521132,0.42717765425661886
100,0.9974532490191252,0.0062627007707625835,5e-05,0.9408529903006366,0.4282493834332453
101,0.9976711595953689,0.005540045188429762,5e-05,0.9413307956823214,0.43165156270164673
102,0.9976746266774038,0.005546472686561001,5e-05,0.9417361753193412,0.43856099133533755
